Pradeep/VuforiaSamplesStudio/app/build/outputs/apk/manifest-merger-debug-report.txt
-- Merging decision tree log ---
manifest
ADDED from AndroidManifest.xml:2:1
	package
		ADDED from AndroidManifest.xml:3:5
		INJECTED from AndroidManifest.xml:0:0
		INJECTED from AndroidManifest.xml:0:0
	android:versionName
		ADDED from AndroidManifest.xml:5:5
	android:versionCode
		ADDED from AndroidManifest.xml:4:5
		INJECTED from AndroidManifest.xml:0:0
		INJECTED from AndroidManifest.xml:0:0
	xmlns:android
		ADDED from AndroidManifest.xml:2:11
uses-sdk
ADDED from AndroidManifest.xml:14:5
	android:targetSdkVersion
		ADDED from AndroidManifest.xml:14:41
		INJECTED from AndroidManifest.xml:0:0
		INJECTED from AndroidManifest.xml:0:0
	android:minSdkVersion
		ADDED from AndroidManifest.xml:14:15
		INJECTED from AndroidManifest.xml:0:0
		INJECTED from AndroidManifest.xml:0:0
uses-feature#0x00020000
ADDED from AndroidManifest.xml:16:5
	android:glEsVersion
		ADDED from AndroidManifest.xml:16:19
uses-feature#android.hardware.camera
ADDED from AndroidManifest.xml:32:5
	android:name
		ADDED from AndroidManifest.xml:32:19
uses-permission#android.permission.CAMERA
ADDED from AndroidManifest.xml:37:5
	android:name
		ADDED from AndroidManifest.xml:37:22
uses-permission#android.permission.INTERNET
ADDED from AndroidManifest.xml:42:5
	android:name
		ADDED from AndroidManifest.xml:42:22
uses-permission#android.permission.ACCESS_NETWORK_STATE
ADDED from AndroidManifest.xml:48:5
	android:name
		ADDED from AndroidManifest.xml:48:22
application
ADDED from AndroidManifest.xml:61:5
	android:label
		ADDED from AndroidManifest.xml:63:9
	android:launchMode
		ADDED from AndroidManifest.xml:65:9
	android:allowBackup
		ADDED from AndroidManifest.xml:66:9
	android:icon
		ADDED from AndroidManifest.xml:62:9
	android:description
		ADDED from AndroidManifest.xml:64:9
	android:theme
		ADDED from AndroidManifest.xml:67:9
activity#com.qualcomm.vuforia.samples.VuforiaSamples.ui.ActivityList.ActivitySplashScreen
ADDED from AndroidManifest.xml:86:10
	android:screenOrientation
		ADDED from AndroidManifest.xml:89:13
	android:noHistory
		ADDED from AndroidManifest.xml:90:13
	android:configChanges
		ADDED from AndroidManifest.xml:88:13
	android:name
		ADDED from AndroidManifest.xml:87:13
intent-filter#android.intent.action.MAIN+android.intent.category.LAUNCHER
ADDED from AndroidManifest.xml:92:13
action#android.intent.action.MAIN
ADDED from AndroidManifest.xml:93:17
	android:name
		ADDED from AndroidManifest.xml:93:25
category#android.intent.category.LAUNCHER
ADDED from AndroidManifest.xml:95:17
	android:name
		ADDED from AndroidManifest.xml:95:27
activity#com.qualcomm.vuforia.samples.VuforiaSamples.ui.ActivityList.ActivityLauncher
ADDED from AndroidManifest.xml:99:9
	android:screenOrientation
		ADDED from AndroidManifest.xml:102:13
	android:configChanges
		ADDED from AndroidManifest.xml:101:13
	android:name
		ADDED from AndroidManifest.xml:100:13
activity#com.qualcomm.vuforia.samples.VuforiaSamples.ui.ActivityList.AboutScreen
ADDED from AndroidManifest.xml:106:10
	android:screenOrientation
		ADDED from AndroidManifest.xml:109:13
	android:noHistory
		ADDED from AndroidManifest.xml:110:13
	android:configChanges
		ADDED from AndroidManifest.xml:108:13
	android:name
		ADDED from AndroidManifest.xml:107:13
activity#com.qualcomm.vuforia.samples.VuforiaSamples.app.ImageTargets.ImageTargets
ADDED from AndroidManifest.xml:114:9
	android:launchMode
		ADDED from AndroidManifest.xml:118:11
	android:configChanges
		ADDED from AndroidManifest.xml:116:13
	android:theme
		ADDED from AndroidManifest.xml:117:10
	android:name
		ADDED from AndroidManifest.xml:115:13
activity#com.qualcomm.vuforia.samples.VuforiaSamples.app.TextRecognition.TextReco
ADDED from AndroidManifest.xml:122:9
	android:launchMode
		ADDED from AndroidManifest.xml:126:12
	android:configChanges
		ADDED from AndroidManifest.xml:124:13
	android:theme
		ADDED from AndroidManifest.xml:125:10
	android:name
		ADDED from AndroidManifest.xml:123:13
activity#com.qualcomm.vuforia.samples.VuforiaSamples.app.CylinderTargets.CylinderTargets
ADDED from AndroidManifest.xml:130:9
	android:launchMode
		ADDED from AndroidManifest.xml:134:11
	android:configChanges
		ADDED from AndroidManifest.xml:132:13
	android:theme
		ADDED from AndroidManifest.xml:133:10
	android:name
		ADDED from AndroidManifest.xml:131:13
activity#com.qualcomm.vuforia.samples.VuforiaSamples.app.FrameMarkers.FrameMarkers
ADDED from AndroidManifest.xml:138:9
	android:launchMode
		ADDED from AndroidManifest.xml:142:11
	android:configChanges
		ADDED from AndroidManifest.xml:140:13
	android:theme
		ADDED from AndroidManifest.xml:141:10
	android:name
		ADDED from AndroidManifest.xml:139:13
activity#com.qualcomm.vuforia.samples.VuforiaSamples.app.VirtualButtons.VirtualButtons
ADDED from AndroidManifest.xml:146:9
	android:launchMode
		ADDED from AndroidManifest.xml:150:11
	android:configChanges
		ADDED from AndroidManifest.xml:148:13
	android:theme
		ADDED from AndroidManifest.xml:149:10
	android:name
		ADDED from AndroidManifest.xml:147:13
activity#com.qualcomm.vuforia.samples.VuforiaSamples.app.UserDefinedTargets.UserDefinedTargets
ADDED from AndroidManifest.xml:154:9
	android:launchMode
		ADDED from AndroidManifest.xml:158:11
	android:configChanges
		ADDED from AndroidManifest.xml:156:13
	android:theme
		ADDED from AndroidManifest.xml:157:10
	android:name
		ADDED from AndroidManifest.xml:155:13
activity#com.qualcomm.vuforia.samples.VuforiaSamples.app.MultiTargets.MultiTargets
ADDED from AndroidManifest.xml:162:9
	android:launchMode
		ADDED from AndroidManifest.xml:166:11
	android:configChanges
		ADDED from AndroidManifest.xml:164:13
	android:theme
		ADDED from AndroidManifest.xml:165:10
	android:name
		ADDED from AndroidManifest.xml:163:13
activity#com.qualcomm.vuforia.samples.VuforiaSamples.app.CloudRecognition.CloudReco
ADDED from AndroidManifest.xml:170:9
	android:launchMode
		ADDED from AndroidManifest.xml:174:11
	android:configChanges
		ADDED from AndroidManifest.xml:172:13
	android:theme
		ADDED from AndroidManifest.xml:173:10
	android:name
		ADDED from AndroidManifest.xml:171:13